<?xml version="1.0" encoding="UTF-8"?>
<!-- Generated by org.testng.reporters.JUnitXMLReporter -->
<testsuite hostname="DESKTOP-1EKQBD8" ignored="0" name="Regression" tests="6" failures="0" timestamp="30 Jul 2020 04:56:13 GMT" time="94.439" errors="0">
  <testcase name="ManageBrandsScript" time="18.586" classname="com.mysite.regression.AdminManageBrands"/>
  <testcase name="ManageCreateBrands" time="16.175" classname="com.mysite.regression.AdminCreateBrand"/>
  <testcase name="manageAdmingDashborad" time="13.928" classname="com.mysite.regression.AdminDashboard"/>
  <testcase name="ManageBrandsScript" time="16.381" classname="com.mysite.regression.FullTest"/>
  <testcase name="ManageCreateBrands" time="15.976" classname="com.mysite.regression.FullTest"/>
  <testcase name="manageAdmingDashborad" time="13.308" classname="com.mysite.regression.FullTest"/>
</testsuite> <!-- Regression -->
